<?xml version="1.0" encoding="UTF-8"?>
<!-- Generated by org.testng.reporters.JUnitReportReporter -->
<testsuite skipped="0" hostname="LAPTOP-BMI3SN50" name="testCases.TC001_Login" tests="1" failures="0" timestamp="08 Feb 2020 09:44:37 GMT" time="11.866" errors="0">
  <testcase name="runLogin" time="11.866" classname="testCases.TC001_Login"/>
</testsuite> <!-- testCases.TC001_Login -->
